<?xml version="1.0" encoding="UTF-8" ?>
<testsuite tests="2" failures="2" name="by.training.wolterskluwer.DocumentsRest.HelloWorldIT" time="2.4" errors="0" skipped="0">
  <properties>
    <property name="java.runtime.name" value="Java(TM) SE Runtime Environment"/>
    <property name="sun.boot.library.path" value="C:\Program Files\Java\jdk1.8.0_101\jre\bin"/>
    <property name="java.vm.version" value="25.101-b13"/>
    <property name="java.vm.vendor" value="Oracle Corporation"/>
    <property name="java.vendor.url" value="http://java.oracle.com/"/>
    <property name="path.separator" value=";"/>
    <property name="java.vm.name" value="Java HotSpot(TM) 64-Bit Server VM"/>
    <property name="file.encoding.pkg" value="sun.io"/>
    <property name="user.script" value=""/>
    <property name="user.country" value="RU"/>
    <property name="sun.java.launcher" value="SUN_STANDARD"/>
    <property name="sun.os.patch.level" value="Service Pack 1"/>
    <property name="java.vm.specification.name" value="Java Virtual Machine Specification"/>
    <property name="user.dir" value="C:\Users\ded\workspace\DocumentsRest"/>
    <property name="java.runtime.version" value="1.8.0_101-b13"/>
    <property name="java.awt.graphicsenv" value="sun.awt.Win32GraphicsEnvironment"/>
    <property name="basedir" value="C:\Users\ded\workspace\DocumentsRest"/>
    <property name="java.endorsed.dirs" value="C:\Program Files\Java\jdk1.8.0_101\jre\lib\endorsed"/>
    <property name="os.arch" value="amd64"/>
    <property name="surefire.real.class.path" value="C:\Users\ded\workspace\DocumentsRest\target\surefire\surefirebooter4651784120824025449.jar"/>
    <property name="java.io.tmpdir" value="C:\TEMP\"/>
    <property name="line.separator" value="
"/>
    <property name="java.vm.specification.vendor" value="Oracle Corporation"/>
    <property name="user.variant" value=""/>
    <property name="os.name" value="Windows 7"/>
    <property name="sun.jnu.encoding" value="Cp1251"/>
    <property name="java.library.path" value="C:\Program Files\Java\jdk1.8.0_101\jre\bin;C:\Windows\Sun\Java\bin;C:\Windows\system32;C:\Windows;c:/Program Files/Java/jdk1.8.0_101/jre/bin/server;c:/Program Files/Java/jdk1.8.0_101/jre/bin;c:/Program Files/Java/jdk1.8.0_101/jre/lib/amd64;C:\ProgramData\Oracle\Java\javapath;C:\Windows\system32;C:\Windows;C:\Windows\System32\Wbem;C:\Windows\System32\WindowsPowerShell\v1.0\;C:\Program Files (x86)\ATI Technologies\ATI.ACE\Core-Static;C:\Program Files\MySQL\MySQL Utilities 1.6\;c:\Program Files\Java\jdk1.8.0_101\bin\;C:\Program Files\nodejs\;c:\spring-1.2.3.RELEASE\bin;c:\apache-maven-3.3.9\bin\;C:\Users\ded\AppData\Local\atom\bin;c:\Program Files\Java\jdk1.8.0_101\bin\;C:\Users\ded\AppData\Roaming\npm;C:\Windows\system32;;."/>
    <property name="surefire.test.class.path" value="C:\Users\ded\workspace\DocumentsRest\target\test-classes;C:\Users\ded\workspace\DocumentsRest\target\classes;C:\Users\ded\.m2\repository\log4j\log4j\1.2.17\log4j-1.2.17.jar;C:\Users\ded\.m2\repository\org\apache\cxf\cxf-rt-frontend-jaxrs\3.1.10\cxf-rt-frontend-jaxrs-3.1.10.jar;C:\Users\ded\.m2\repository\org\apache\cxf\cxf-core\3.1.10\cxf-core-3.1.10.jar;C:\Users\ded\.m2\repository\org\codehaus\woodstox\woodstox-core-asl\4.4.1\woodstox-core-asl-4.4.1.jar;C:\Users\ded\.m2\repository\org\codehaus\woodstox\stax2-api\3.1.4\stax2-api-3.1.4.jar;C:\Users\ded\.m2\repository\org\apache\ws\xmlschema\xmlschema-core\2.2.1\xmlschema-core-2.2.1.jar;C:\Users\ded\.m2\repository\javax\ws\rs\javax.ws.rs-api\2.0.1\javax.ws.rs-api-2.0.1.jar;C:\Users\ded\.m2\repository\javax\annotation\javax.annotation-api\1.2\javax.annotation-api-1.2.jar;C:\Users\ded\.m2\repository\org\apache\cxf\cxf-rt-transports-http\3.1.10\cxf-rt-transports-http-3.1.10.jar;C:\Users\ded\.m2\repository\org\apache\cxf\cxf-rt-rs-client\3.1.10\cxf-rt-rs-client-3.1.10.jar;C:\Users\ded\.m2\repository\org\codehaus\jackson\jackson-core-asl\1.8.6\jackson-core-asl-1.8.6.jar;C:\Users\ded\.m2\repository\org\codehaus\jackson\jackson-mapper-asl\1.8.6\jackson-mapper-asl-1.8.6.jar;C:\Users\ded\.m2\repository\org\codehaus\jackson\jackson-jaxrs\1.8.6\jackson-jaxrs-1.8.6.jar;C:\Users\ded\.m2\repository\org\springframework\spring-web\4.1.9.RELEASE\spring-web-4.1.9.RELEASE.jar;C:\Users\ded\.m2\repository\org\springframework\spring-aop\4.1.9.RELEASE\spring-aop-4.1.9.RELEASE.jar;C:\Users\ded\.m2\repository\aopalliance\aopalliance\1.0\aopalliance-1.0.jar;C:\Users\ded\.m2\repository\org\springframework\spring-beans\4.1.9.RELEASE\spring-beans-4.1.9.RELEASE.jar;C:\Users\ded\.m2\repository\org\springframework\spring-context\4.1.9.RELEASE\spring-context-4.1.9.RELEASE.jar;C:\Users\ded\.m2\repository\org\springframework\spring-expression\4.1.9.RELEASE\spring-expression-4.1.9.RELEASE.jar;C:\Users\ded\.m2\repository\org\springframework\spring-core\4.1.9.RELEASE\spring-core-4.1.9.RELEASE.jar;C:\Users\ded\.m2\repository\commons-logging\commons-logging\1.2\commons-logging-1.2.jar;C:\Users\ded\.m2\repository\junit\junit\4.12\junit-4.12.jar;C:\Users\ded\.m2\repository\org\hamcrest\hamcrest-core\1.3\hamcrest-core-1.3.jar;"/>
    <property name="java.specification.name" value="Java Platform API Specification"/>
    <property name="java.class.version" value="52.0"/>
    <property name="sun.management.compiler" value="HotSpot 64-Bit Tiered Compilers"/>
    <property name="os.version" value="6.1"/>
    <property name="user.home" value="C:\Users\ded"/>
    <property name="user.timezone" value="Europe/Minsk"/>
    <property name="java.awt.printerjob" value="sun.awt.windows.WPrinterJob"/>
    <property name="java.specification.version" value="1.8"/>
    <property name="file.encoding" value="Cp1251"/>
    <property name="user.name" value="ded"/>
    <property name="java.class.path" value="C:\Users\ded\workspace\DocumentsRest\target\test-classes;C:\Users\ded\workspace\DocumentsRest\target\classes;C:\Users\ded\.m2\repository\log4j\log4j\1.2.17\log4j-1.2.17.jar;C:\Users\ded\.m2\repository\org\apache\cxf\cxf-rt-frontend-jaxrs\3.1.10\cxf-rt-frontend-jaxrs-3.1.10.jar;C:\Users\ded\.m2\repository\org\apache\cxf\cxf-core\3.1.10\cxf-core-3.1.10.jar;C:\Users\ded\.m2\repository\org\codehaus\woodstox\woodstox-core-asl\4.4.1\woodstox-core-asl-4.4.1.jar;C:\Users\ded\.m2\repository\org\codehaus\woodstox\stax2-api\3.1.4\stax2-api-3.1.4.jar;C:\Users\ded\.m2\repository\org\apache\ws\xmlschema\xmlschema-core\2.2.1\xmlschema-core-2.2.1.jar;C:\Users\ded\.m2\repository\javax\ws\rs\javax.ws.rs-api\2.0.1\javax.ws.rs-api-2.0.1.jar;C:\Users\ded\.m2\repository\javax\annotation\javax.annotation-api\1.2\javax.annotation-api-1.2.jar;C:\Users\ded\.m2\repository\org\apache\cxf\cxf-rt-transports-http\3.1.10\cxf-rt-transports-http-3.1.10.jar;C:\Users\ded\.m2\repository\org\apache\cxf\cxf-rt-rs-client\3.1.10\cxf-rt-rs-client-3.1.10.jar;C:\Users\ded\.m2\repository\org\codehaus\jackson\jackson-core-asl\1.8.6\jackson-core-asl-1.8.6.jar;C:\Users\ded\.m2\repository\org\codehaus\jackson\jackson-mapper-asl\1.8.6\jackson-mapper-asl-1.8.6.jar;C:\Users\ded\.m2\repository\org\codehaus\jackson\jackson-jaxrs\1.8.6\jackson-jaxrs-1.8.6.jar;C:\Users\ded\.m2\repository\org\springframework\spring-web\4.1.9.RELEASE\spring-web-4.1.9.RELEASE.jar;C:\Users\ded\.m2\repository\org\springframework\spring-aop\4.1.9.RELEASE\spring-aop-4.1.9.RELEASE.jar;C:\Users\ded\.m2\repository\aopalliance\aopalliance\1.0\aopalliance-1.0.jar;C:\Users\ded\.m2\repository\org\springframework\spring-beans\4.1.9.RELEASE\spring-beans-4.1.9.RELEASE.jar;C:\Users\ded\.m2\repository\org\springframework\spring-context\4.1.9.RELEASE\spring-context-4.1.9.RELEASE.jar;C:\Users\ded\.m2\repository\org\springframework\spring-expression\4.1.9.RELEASE\spring-expression-4.1.9.RELEASE.jar;C:\Users\ded\.m2\repository\org\springframework\spring-core\4.1.9.RELEASE\spring-core-4.1.9.RELEASE.jar;C:\Users\ded\.m2\repository\commons-logging\commons-logging\1.2\commons-logging-1.2.jar;C:\Users\ded\.m2\repository\junit\junit\4.12\junit-4.12.jar;C:\Users\ded\.m2\repository\org\hamcrest\hamcrest-core\1.3\hamcrest-core-1.3.jar;"/>
    <property name="java.vm.specification.version" value="1.8"/>
    <property name="sun.arch.data.model" value="64"/>
    <property name="java.home" value="C:\Program Files\Java\jdk1.8.0_101\jre"/>
    <property name="sun.java.command" value="C:\Users\ded\workspace\DocumentsRest\target\surefire\surefirebooter4651784120824025449.jar C:\Users\ded\workspace\DocumentsRest\target\surefire\surefire2031018116460232151tmp C:\Users\ded\workspace\DocumentsRest\target\surefire\surefire4078230518838907026tmp"/>
    <property name="service.url" value="http://localhost:53720/jaxrs-service"/>
    <property name="java.specification.vendor" value="Oracle Corporation"/>
    <property name="user.language" value="ru"/>
    <property name="awt.toolkit" value="sun.awt.windows.WToolkit"/>
    <property name="java.vm.info" value="mixed mode"/>
    <property name="java.version" value="1.8.0_101"/>
    <property name="java.ext.dirs" value="C:\Program Files\Java\jdk1.8.0_101\jre\lib\ext;C:\Windows\Sun\Java\lib\ext"/>
    <property name="sun.boot.class.path" value="C:\Program Files\Java\jdk1.8.0_101\jre\lib\resources.jar;C:\Program Files\Java\jdk1.8.0_101\jre\lib\rt.jar;C:\Program Files\Java\jdk1.8.0_101\jre\lib\sunrsasign.jar;C:\Program Files\Java\jdk1.8.0_101\jre\lib\jsse.jar;C:\Program Files\Java\jdk1.8.0_101\jre\lib\jce.jar;C:\Program Files\Java\jdk1.8.0_101\jre\lib\charsets.jar;C:\Program Files\Java\jdk1.8.0_101\jre\lib\jfr.jar;C:\Program Files\Java\jdk1.8.0_101\jre\classes"/>
    <property name="java.vendor" value="Oracle Corporation"/>
    <property name="localRepository" value="C:\Users\ded\.m2\repository"/>
    <property name="file.separator" value="\"/>
    <property name="java.vendor.url.bug" value="http://bugreport.sun.com/bugreport/"/>
    <property name="sun.cpu.endian" value="little"/>
    <property name="sun.io.unicode.encoding" value="UnicodeLittle"/>
    <property name="sun.desktop" value="windows"/>
    <property name="sun.cpu.isalist" value="amd64"/>
  </properties>
  <testcase classname="by.training.wolterskluwer.DocumentsRest.HelloWorldIT" name="testJsonRoundtrip" time="1.966">
    <failure message="expected:&lt;200&gt; but was:&lt;404&gt;" type="java.lang.AssertionError">java.lang.AssertionError: expected:&lt;200&gt; but was:&lt;404&gt;
	at org.junit.Assert.fail(Assert.java:88)
	at org.junit.Assert.failNotEquals(Assert.java:834)
	at org.junit.Assert.assertEquals(Assert.java:645)
	at org.junit.Assert.assertEquals(Assert.java:631)
	at by.training.wolterskluwer.DocumentsRest.HelloWorldIT.testJsonRoundtrip(HelloWorldIT.java:47)
	at sun.reflect.NativeMethodAccessorImpl.invoke0(Native Method)
	at sun.reflect.NativeMethodAccessorImpl.invoke(NativeMethodAccessorImpl.java:62)
	at sun.reflect.DelegatingMethodAccessorImpl.invoke(DelegatingMethodAccessorImpl.java:43)
	at java.lang.reflect.Method.invoke(Method.java:498)
	at org.junit.runners.model.FrameworkMethod$1.runReflectiveCall(FrameworkMethod.java:50)
	at org.junit.internal.runners.model.ReflectiveCallable.run(ReflectiveCallable.java:12)
	at org.junit.runners.model.FrameworkMethod.invokeExplosively(FrameworkMethod.java:47)
	at org.junit.internal.runners.statements.InvokeMethod.evaluate(InvokeMethod.java:17)
	at org.junit.runners.ParentRunner.runLeaf(ParentRunner.java:325)
	at org.junit.runners.BlockJUnit4ClassRunner.runChild(BlockJUnit4ClassRunner.java:78)
	at org.junit.runners.BlockJUnit4ClassRunner.runChild(BlockJUnit4ClassRunner.java:57)
	at org.junit.runners.ParentRunner$3.run(ParentRunner.java:290)
	at org.junit.runners.ParentRunner$1.schedule(ParentRunner.java:71)
	at org.junit.runners.ParentRunner.runChildren(ParentRunner.java:288)
	at org.junit.runners.ParentRunner.access$000(ParentRunner.java:58)
	at org.junit.runners.ParentRunner$2.evaluate(ParentRunner.java:268)
	at org.junit.internal.runners.statements.RunBefores.evaluate(RunBefores.java:26)
	at org.junit.runners.ParentRunner.run(ParentRunner.java:363)
	at org.apache.maven.surefire.junit4.JUnit4TestSet.execute(JUnit4TestSet.java:53)
	at org.apache.maven.surefire.junit4.JUnit4Provider.executeTestSet(JUnit4Provider.java:119)
	at org.apache.maven.surefire.junit4.JUnit4Provider.invoke(JUnit4Provider.java:101)
	at sun.reflect.NativeMethodAccessorImpl.invoke0(Native Method)
	at sun.reflect.NativeMethodAccessorImpl.invoke(NativeMethodAccessorImpl.java:62)
	at sun.reflect.DelegatingMethodAccessorImpl.invoke(DelegatingMethodAccessorImpl.java:43)
	at java.lang.reflect.Method.invoke(Method.java:498)
	at org.apache.maven.surefire.booter.ProviderFactory$ClassLoaderProxy.invoke(ProviderFactory.java:103)
	at com.sun.proxy.$Proxy0.invoke(Unknown Source)
	at org.apache.maven.surefire.booter.SurefireStarter.invokeProvider(SurefireStarter.java:150)
	at org.apache.maven.surefire.booter.SurefireStarter.runSuitesInProcess(SurefireStarter.java:91)
	at org.apache.maven.surefire.booter.ForkedBooter.main(ForkedBooter.java:69)
</failure>
  </testcase>
  <testcase classname="by.training.wolterskluwer.DocumentsRest.HelloWorldIT" name="testPing" time="0.056">
    <failure message="expected:&lt;200&gt; but was:&lt;404&gt;" type="java.lang.AssertionError">java.lang.AssertionError: expected:&lt;200&gt; but was:&lt;404&gt;
	at org.junit.Assert.fail(Assert.java:88)
	at org.junit.Assert.failNotEquals(Assert.java:834)
	at org.junit.Assert.assertEquals(Assert.java:645)
	at org.junit.Assert.assertEquals(Assert.java:631)
	at by.training.wolterskluwer.DocumentsRest.HelloWorldIT.testPing(HelloWorldIT.java:32)
	at sun.reflect.NativeMethodAccessorImpl.invoke0(Native Method)
	at sun.reflect.NativeMethodAccessorImpl.invoke(NativeMethodAccessorImpl.java:62)
	at sun.reflect.DelegatingMethodAccessorImpl.invoke(DelegatingMethodAccessorImpl.java:43)
	at java.lang.reflect.Method.invoke(Method.java:498)
	at org.junit.runners.model.FrameworkMethod$1.runReflectiveCall(FrameworkMethod.java:50)
	at org.junit.internal.runners.model.ReflectiveCallable.run(ReflectiveCallable.java:12)
	at org.junit.runners.model.FrameworkMethod.invokeExplosively(FrameworkMethod.java:47)
	at org.junit.internal.runners.statements.InvokeMethod.evaluate(InvokeMethod.java:17)
	at org.junit.runners.ParentRunner.runLeaf(ParentRunner.java:325)
	at org.junit.runners.BlockJUnit4ClassRunner.runChild(BlockJUnit4ClassRunner.java:78)
	at org.junit.runners.BlockJUnit4ClassRunner.runChild(BlockJUnit4ClassRunner.java:57)
	at org.junit.runners.ParentRunner$3.run(ParentRunner.java:290)
	at org.junit.runners.ParentRunner$1.schedule(ParentRunner.java:71)
	at org.junit.runners.ParentRunner.runChildren(ParentRunner.java:288)
	at org.junit.runners.ParentRunner.access$000(ParentRunner.java:58)
	at org.junit.runners.ParentRunner$2.evaluate(ParentRunner.java:268)
	at org.junit.internal.runners.statements.RunBefores.evaluate(RunBefores.java:26)
	at org.junit.runners.ParentRunner.run(ParentRunner.java:363)
	at org.apache.maven.surefire.junit4.JUnit4TestSet.execute(JUnit4TestSet.java:53)
	at org.apache.maven.surefire.junit4.JUnit4Provider.executeTestSet(JUnit4Provider.java:119)
	at org.apache.maven.surefire.junit4.JUnit4Provider.invoke(JUnit4Provider.java:101)
	at sun.reflect.NativeMethodAccessorImpl.invoke0(Native Method)
	at sun.reflect.NativeMethodAccessorImpl.invoke(NativeMethodAccessorImpl.java:62)
	at sun.reflect.DelegatingMethodAccessorImpl.invoke(DelegatingMethodAccessorImpl.java:43)
	at java.lang.reflect.Method.invoke(Method.java:498)
	at org.apache.maven.surefire.booter.ProviderFactory$ClassLoaderProxy.invoke(ProviderFactory.java:103)
	at com.sun.proxy.$Proxy0.invoke(Unknown Source)
	at org.apache.maven.surefire.booter.SurefireStarter.invokeProvider(SurefireStarter.java:150)
	at org.apache.maven.surefire.booter.SurefireStarter.runSuitesInProcess(SurefireStarter.java:91)
	at org.apache.maven.surefire.booter.ForkedBooter.main(ForkedBooter.java:69)
</failure>
  </testcase>
</testsuite>